# JRE version: Java(TM) SE Runtime Environment (8.0_181-b13) (build 1.8.0_181-b13)
# Java VM: Java HotSpot(TM) 64-Bit Server VM (25.181-b13 mixed mode windows-amd64 compressed oops)
Heap:
 PSYoungGen      total 125952K, used 11973K [0x00000000eb100000, 0x00000000f4580000, 0x0000000100000000)
  eden space 114688K, 10% used [0x00000000eb100000,0x00000000ebcb17e8,0x00000000f2100000)
  from space 11264K, 0% used [0x00000000f2b80000,0x00000000f2b80000,0x00000000f3680000)
  to   space 10752K, 0% used [0x00000000f2100000,0x00000000f2100000,0x00000000f2b80000)
 ParOldGen       total 55808K, used 22434K [0x00000000c1200000, 0x00000000c4880000, 0x00000000eb100000)
  object space 55808K, 40% used [0x00000000c1200000,0x00000000c27e8be0,0x00000000c4880000)
 Metaspace       used 57428K, capacity 60191K, committed 60416K, reserved 1101824K
  class space    used 7938K, capacity 8428K, committed 8448K, reserved 1048576K
GC Heap History (10 events):
Event: 38.922 GC heap before
{Heap before GC invocations=21 (full 2):
 PSYoungGen      total 86016K, used 78336K [0x00000000eb100000, 0x00000000f0c80000, 0x0000000100000000)
  eden space 78336K, 100% used [0x00000000eb100000,0x00000000efd80000,0x00000000efd80000)
  from space 7680K, 0% used [0x00000000f0500000,0x00000000f0500000,0x00000000f0c80000)
  to   space 7680K, 0% used [0x00000000efd80000,0x00000000efd80000,0x00000000f0500000)
 ParOldGen       total 48128K, used 17042K [0x00000000c1200000, 0x00000000c4100000, 0x00000000eb100000)
  object space 48128K, 35% used [0x00000000c1200000,0x00000000c22a49f0,0x00000000c4100000)
 Metaspace       used 41887K, capacity 43475K, committed 43776K, reserved 1087488K
  class space    used 5705K, capacity 6028K, committed 6144K, reserved 1048576K
Event: 38.937 GC heap after
Heap after GC invocations=21 (full 2):
 PSYoungGen      total 86016K, used 7648K [0x00000000eb100000, 0x00000000f2180000, 0x0000000100000000)
  eden space 78336K, 0% used [0x00000000eb100000,0x00000000eb100000,0x00000000efd80000)
  from space 7680K, 99% used [0x00000000efd80000,0x00000000f04f83b0,0x00000000f0500000)
  to   space 8704K, 0% used [0x00000000f1900000,0x00000000f1900000,0x00000000f2180000)
 ParOldGen       total 48128K, used 17732K [0x00000000c1200000, 0x00000000c4100000, 0x00000000eb100000)
  object space 48128K, 36% used [0x00000000c1200000,0x00000000c2351368,0x00000000c4100000)
 Metaspace       used 41887K, capacity 43475K, committed 43776K, reserved 1087488K
  class space    used 5705K, capacity 6028K, committed 6144K, reserved 1048576K
}
Event: 55.375 GC heap before
{Heap before GC invocations=22 (full 2):
 PSYoungGen      total 86016K, used 85984K [0x00000000eb100000, 0x00000000f2180000, 0x0000000100000000)
  eden space 78336K, 100% used [0x00000000eb100000,0x00000000efd80000,0x00000000efd80000)
  from space 7680K, 99% used [0x00000000efd80000,0x00000000f04f83b0,0x00000000f0500000)
  to   space 8704K, 0% used [0x00000000f1900000,0x00000000f1900000,0x00000000f2180000)
 ParOldGen       total 48128K, used 17732K [0x00000000c1200000, 0x00000000c4100000, 0x00000000eb100000)
  object space 48128K, 36% used [0x00000000c1200000,0x00000000c2351368,0x00000000c4100000)
 Metaspace       used 49214K, capacity 50937K, committed 51200K, reserved 1093632K
  class space    used 6793K, capacity 7131K, committed 7168K, reserved 1048576K
Event: 55.394 GC heap after
Heap after GC invocations=22 (full 2):
 PSYoungGen      total 104448K, used 8642K [0x00000000eb100000, 0x00000000f2280000, 0x0000000100000000)
  eden space 95744K, 0% used [0x00000000eb100000,0x00000000eb100000,0x00000000f0e80000)
  from space 8704K, 99% used [0x00000000f1900000,0x00000000f2170b78,0x00000000f2180000)
  to   space 10240K, 0% used [0x00000000f0e80000,0x00000000f0e80000,0x00000000f1880000)
 ParOldGen       total 48128K, used 19292K [0x00000000c1200000, 0x00000000c4100000, 0x00000000eb100000)
  object space 48128K, 40% used [0x00000000c1200000,0x00000000c24d7378,0x00000000c4100000)
 Metaspace       used 49214K, capacity 50937K, committed 51200K, reserved 1093632K
  class space    used 6793K, capacity 7131K, committed 7168K, reserved 1048576K
}
Event: 83.658 GC heap before
{Heap before GC invocations=23 (full 2):
 PSYoungGen      total 104448K, used 104386K [0x00000000eb100000, 0x00000000f2280000, 0x0000000100000000)
  eden space 95744K, 100% used [0x00000000eb100000,0x00000000f0e80000,0x00000000f0e80000)
  from space 8704K, 99% used [0x00000000f1900000,0x00000000f2170b78,0x00000000f2180000)
  to   space 10240K, 0% used [0x00000000f0e80000,0x00000000f0e80000,0x00000000f1880000)
 ParOldGen       total 48128K, used 19292K [0x00000000c1200000, 0x00000000c4100000, 0x00000000eb100000)
  object space 48128K, 40% used [0x00000000c1200000,0x00000000c24d7378,0x00000000c4100000)
 Metaspace       used 56244K, capacity 58875K, committed 59008K, reserved 1099776K
  class space    used 7763K, capacity 8244K, committed 8320K, reserved 1048576K
Event: 83.680 GC heap after
Heap after GC invocations=23 (full 2):
 PSYoungGen      total 105984K, used 8832K [0x00000000eb100000, 0x00000000f3680000, 0x0000000100000000)
  eden space 95744K, 0% used [0x00000000eb100000,0x00000000eb100000,0x00000000f0e80000)
  from space 10240K, 86% used [0x00000000f0e80000,0x00000000f17203c8,0x00000000f1880000)
  to   space 11264K, 0% used [0x00000000f2b80000,0x00000000f2b80000,0x00000000f3680000)
 ParOldGen       total 48128K, used 21786K [0x00000000c1200000, 0x00000000c4100000, 0x00000000eb100000)
  object space 48128K, 45% used [0x00000000c1200000,0x00000000c2746988,0x00000000c4100000)
 Metaspace       used 56244K, capacity 58875K, committed 59008K, reserved 1099776K
  class space    used 7763K, capacity 8244K, committed 8320K, reserved 1048576K
}
Event: 83.716 GC heap before
{Heap before GC invocations=24 (full 2):
 PSYoungGen      total 105984K, used 9955K [0x00000000eb100000, 0x00000000f3680000, 0x0000000100000000)
  eden space 95744K, 1% used [0x00000000eb100000,0x00000000eb218888,0x00000000f0e80000)
  from space 10240K, 86% used [0x00000000f0e80000,0x00000000f17203c8,0x00000000f1880000)
  to   space 11264K, 0% used [0x00000000f2b80000,0x00000000f2b80000,0x00000000f3680000)
 ParOldGen       total 48128K, used 21786K [0x00000000c1200000, 0x00000000c4100000, 0x00000000eb100000)
  object space 48128K, 45% used [0x00000000c1200000,0x00000000c2746988,0x00000000c4100000)
 Metaspace       used 56323K, capacity 58933K, committed 59008K, reserved 1099776K
  class space    used 7780K, capacity 8255K, committed 8320K, reserved 1048576K
Event: 83.726 GC heap after
Heap after GC invocations=24 (full 2):
 PSYoungGen      total 125952K, used 4304K [0x00000000eb100000, 0x00000000f4580000, 0x0000000100000000)
  eden space 114688K, 0% used [0x00000000eb100000,0x00000000eb100000,0x00000000f2100000)
  from space 11264K, 38% used [0x00000000f2b80000,0x00000000f2fb4060,0x00000000f3680000)
  to   space 10752K, 0% used [0x00000000f2100000,0x00000000f2100000,0x00000000f2b80000)
 ParOldGen       total 48128K, used 21794K [0x00000000c1200000, 0x00000000c4100000, 0x00000000eb100000)
  object space 48128K, 45% used [0x00000000c1200000,0x00000000c2748988,0x00000000c4100000)
 Metaspace       used 56323K, capacity 58933K, committed 59008K, reserved 1099776K
  class space    used 7780K, capacity 8255K, committed 8320K, reserved 1048576K
}
Event: 83.726 GC heap before
{Heap before GC invocations=25 (full 3):
 PSYoungGen      total 125952K, used 4304K [0x00000000eb100000, 0x00000000f4580000, 0x0000000100000000)
  eden space 114688K, 0% used [0x00000000eb100000,0x00000000eb100000,0x00000000f2100000)
  from space 11264K, 38% used [0x00000000f2b80000,0x00000000f2fb4060,0x00000000f3680000)
  to   space 10752K, 0% used [0x00000000f2100000,0x00000000f2100000,0x00000000f2b80000)
 ParOldGen       total 48128K, used 21794K [0x00000000c1200000, 0x00000000c4100000, 0x00000000eb100000)
  object space 48128K, 45% used [0x00000000c1200000,0x00000000c2748988,0x00000000c4100000)
 Metaspace       used 56323K, capacity 58933K, committed 59008K, reserved 1099776K
  class space    used 7780K, capacity 8255K, committed 8320K, reserved 1048576K
Event: 83.973 GC heap after
Heap after GC invocations=25 (full 3):
 PSYoungGen      total 125952K, used 0K [0x00000000eb100000, 0x00000000f4580000, 0x0000000100000000)
  eden space 114688K, 0% used [0x00000000eb100000,0x00000000eb100000,0x00000000f2100000)
  from space 11264K, 0% used [0x00000000f2b80000,0x00000000f2b80000,0x00000000f3680000)
  to   space 10752K, 0% used [0x00000000f2100000,0x00000000f2100000,0x00000000f2b80000)
 ParOldGen       total 55808K, used 22434K [0x00000000c1200000, 0x00000000c4880000, 0x00000000eb100000)
  object space 55808K, 40% used [0x00000000c1200000,0x00000000c27e8be0,0x00000000c4880000)
 Metaspace       used 56307K, capacity 58887K, committed 59008K, reserved 1099776K
  class space    used 7774K, capacity 8246K, committed 8320K, reserved 1048576K
}

