# JRE version: Java(TM) SE Runtime Environment (8.0_181-b13) (build 1.8.0_181-b13)
# Java VM: Java HotSpot(TM) 64-Bit Server VM (25.181-b13 mixed mode windows-amd64 compressed oops)
Heap:
 PSYoungGen      total 68608K, used 58245K [0x00000000eb100000, 0x00000000f0a00000, 0x0000000100000000)
  eden space 60928K, 84% used [0x00000000eb100000,0x00000000ee356498,0x00000000eec80000)
  from space 7680K, 87% used [0x00000000eec80000,0x00000000ef30b1e8,0x00000000ef400000)
  to   space 8192K, 0% used [0x00000000f0200000,0x00000000f0200000,0x00000000f0a00000)
 ParOldGen       total 61952K, used 18041K [0x00000000c1200000, 0x00000000c4e80000, 0x00000000eb100000)
  object space 61952K, 29% used [0x00000000c1200000,0x00000000c239e5b8,0x00000000c4e80000)
 Metaspace       used 49757K, capacity 51460K, committed 51752K, reserved 1093632K
  class space    used 6854K, capacity 7172K, committed 7216K, reserved 1048576K
GC Heap History (10 events):
Event: 99.331 GC heap before
{Heap before GC invocations=19 (full 1):
 PSYoungGen      total 44544K, used 44482K [0x00000000eb100000, 0x00000000ef000000, 0x0000000100000000)
  eden space 39424K, 99% used [0x00000000eb100000,0x00000000ed777790,0x00000000ed780000)
  from space 5120K, 99% used [0x00000000ed780000,0x00000000edc791a0,0x00000000edc80000)
  to   space 7168K, 0% used [0x00000000ee900000,0x00000000ee900000,0x00000000ef000000)
 ParOldGen       total 38400K, used 12826K [0x00000000c1200000, 0x00000000c3780000, 0x00000000eb100000)
  object space 38400K, 33% used [0x00000000c1200000,0x00000000c1e86af0,0x00000000c3780000)
 Metaspace       used 32868K, capacity 34284K, committed 34480K, reserved 1079296K
  class space    used 4262K, capacity 4526K, committed 4528K, reserved 1048576K
Event: 99.342 GC heap after
Heap after GC invocations=19 (full 1):
 PSYoungGen      total 56320K, used 1778K [0x00000000eb100000, 0x00000000eef80000, 0x0000000100000000)
  eden space 49664K, 0% used [0x00000000eb100000,0x00000000eb100000,0x00000000ee180000)
  from space 6656K, 26% used [0x00000000ee900000,0x00000000eeabc8b0,0x00000000eef80000)
  to   space 7168K, 0% used [0x00000000ee180000,0x00000000ee180000,0x00000000ee880000)
 ParOldGen       total 38400K, used 17903K [0x00000000c1200000, 0x00000000c3780000, 0x00000000eb100000)
  object space 38400K, 46% used [0x00000000c1200000,0x00000000c237bfe8,0x00000000c3780000)
 Metaspace       used 32868K, capacity 34284K, committed 34480K, reserved 1079296K
  class space    used 4262K, capacity 4526K, committed 4528K, reserved 1048576K
}
Event: 100.995 GC heap before
{Heap before GC invocations=20 (full 1):
 PSYoungGen      total 56320K, used 24844K [0x00000000eb100000, 0x00000000eef80000, 0x0000000100000000)
  eden space 49664K, 46% used [0x00000000eb100000,0x00000000ec786918,0x00000000ee180000)
  from space 6656K, 26% used [0x00000000ee900000,0x00000000eeabc8b0,0x00000000eef80000)
  to   space 7168K, 0% used [0x00000000ee180000,0x00000000ee180000,0x00000000ee880000)
 ParOldGen       total 38400K, used 17903K [0x00000000c1200000, 0x00000000c3780000, 0x00000000eb100000)
  object space 38400K, 46% used [0x00000000c1200000,0x00000000c237bfe8,0x00000000c3780000)
 Metaspace       used 33882K, capacity 35356K, committed 35496K, reserved 1079296K
  class space    used 4393K, capacity 4678K, committed 4784K, reserved 1048576K
Event: 101.002 GC heap after
Heap after GC invocations=20 (full 1):
 PSYoungGen      total 56832K, used 1592K [0x00000000eb100000, 0x00000000efb00000, 0x0000000100000000)
  eden space 49664K, 0% used [0x00000000eb100000,0x00000000eb100000,0x00000000ee180000)
  from space 7168K, 22% used [0x00000000ee180000,0x00000000ee30e0c0,0x00000000ee880000)
  to   space 7168K, 0% used [0x00000000ef400000,0x00000000ef400000,0x00000000efb00000)
 ParOldGen       total 38400K, used 18676K [0x00000000c1200000, 0x00000000c3780000, 0x00000000eb100000)
  object space 38400K, 48% used [0x00000000c1200000,0x00000000c243d018,0x00000000c3780000)
 Metaspace       used 33882K, capacity 35356K, committed 35496K, reserved 1079296K
  class space    used 4393K, capacity 4678K, committed 4784K, reserved 1048576K
}
Event: 101.002 GC heap before
{Heap before GC invocations=21 (full 2):
 PSYoungGen      total 56832K, used 1592K [0x00000000eb100000, 0x00000000efb00000, 0x0000000100000000)
  eden space 49664K, 0% used [0x00000000eb100000,0x00000000eb100000,0x00000000ee180000)
  from space 7168K, 22% used [0x00000000ee180000,0x00000000ee30e0c0,0x00000000ee880000)
  to   space 7168K, 0% used [0x00000000ef400000,0x00000000ef400000,0x00000000efb00000)
 ParOldGen       total 38400K, used 18676K [0x00000000c1200000, 0x00000000c3780000, 0x00000000eb100000)
  object space 38400K, 48% used [0x00000000c1200000,0x00000000c243d018,0x00000000c3780000)
 Metaspace       used 33882K, capacity 35356K, committed 35496K, reserved 1079296K
  class space    used 4393K, capacity 4678K, committed 4784K, reserved 1048576K
Event: 101.154 GC heap after
Heap after GC invocations=21 (full 2):
 PSYoungGen      total 56832K, used 0K [0x00000000eb100000, 0x00000000efb00000, 0x0000000100000000)
  eden space 49664K, 0% used [0x00000000eb100000,0x00000000eb100000,0x00000000ee180000)
  from space 7168K, 0% used [0x00000000ee180000,0x00000000ee180000,0x00000000ee880000)
  to   space 7168K, 0% used [0x00000000ef400000,0x00000000ef400000,0x00000000efb00000)
 ParOldGen       total 61952K, used 16969K [0x00000000c1200000, 0x00000000c4e80000, 0x00000000eb100000)
  object space 61952K, 27% used [0x00000000c1200000,0x00000000c22925b8,0x00000000c4e80000)
 Metaspace       used 33882K, capacity 35356K, committed 35496K, reserved 1079296K
  class space    used 4393K, capacity 4678K, committed 4784K, reserved 1048576K
}
Event: 117.867 GC heap before
{Heap before GC invocations=22 (full 2):
 PSYoungGen      total 56832K, used 49664K [0x00000000eb100000, 0x00000000efb00000, 0x0000000100000000)
  eden space 49664K, 100% used [0x00000000eb100000,0x00000000ee180000,0x00000000ee180000)
  from space 7168K, 0% used [0x00000000ee180000,0x00000000ee180000,0x00000000ee880000)
  to   space 7168K, 0% used [0x00000000ef400000,0x00000000ef400000,0x00000000efb00000)
 ParOldGen       total 61952K, used 16969K [0x00000000c1200000, 0x00000000c4e80000, 0x00000000eb100000)
  object space 61952K, 27% used [0x00000000c1200000,0x00000000c22925b8,0x00000000c4e80000)
 Metaspace       used 38838K, capacity 40418K, committed 40616K, reserved 1085440K
  class space    used 5259K, capacity 5543K, committed 5552K, reserved 1048576K
Event: 117.877 GC heap after
Heap after GC invocations=22 (full 2):
 PSYoungGen      total 68096K, used 5180K [0x00000000eb100000, 0x00000000efd00000, 0x0000000100000000)
  eden space 60928K, 0% used [0x00000000eb100000,0x00000000eb100000,0x00000000eec80000)
  from space 7168K, 72% used [0x00000000ef400000,0x00000000ef90f198,0x00000000efb00000)
  to   space 7680K, 0% used [0x00000000eec80000,0x00000000eec80000,0x00000000ef400000)
 ParOldGen       total 61952K, used 16977K [0x00000000c1200000, 0x00000000c4e80000, 0x00000000eb100000)
  object space 61952K, 27% used [0x00000000c1200000,0x00000000c22945b8,0x00000000c4e80000)
 Metaspace       used 38838K, capacity 40418K, committed 40616K, reserved 1085440K
  class space    used 5259K, capacity 5543K, committed 5552K, reserved 1048576K
}
Event: 163.707 GC heap before
{Heap before GC invocations=23 (full 2):
 PSYoungGen      total 68096K, used 66108K [0x00000000eb100000, 0x00000000efd00000, 0x0000000100000000)
  eden space 60928K, 100% used [0x00000000eb100000,0x00000000eec80000,0x00000000eec80000)
  from space 7168K, 72% used [0x00000000ef400000,0x00000000ef90f198,0x00000000efb00000)
  to   space 7680K, 0% used [0x00000000eec80000,0x00000000eec80000,0x00000000ef400000)
 ParOldGen       total 61952K, used 16977K [0x00000000c1200000, 0x00000000c4e80000, 0x00000000eb100000)
  object space 61952K, 27% used [0x00000000c1200000,0x00000000c22945b8,0x00000000c4e80000)
 Metaspace       used 45082K, capacity 46680K, committed 47016K, reserved 1089536K
  class space    used 6223K, capacity 6532K, committed 6576K, reserved 1048576K
Event: 163.725 GC heap after
Heap after GC invocations=23 (full 2):
 PSYoungGen      total 68608K, used 6700K [0x00000000eb100000, 0x00000000f0a00000, 0x0000000100000000)
  eden space 60928K, 0% used [0x00000000eb100000,0x00000000eb100000,0x00000000eec80000)
  from space 7680K, 87% used [0x00000000eec80000,0x00000000ef30b1e8,0x00000000ef400000)
  to   space 8192K, 0% used [0x00000000f0200000,0x00000000f0200000,0x00000000f0a00000)
 ParOldGen       total 61952K, used 18041K [0x00000000c1200000, 0x00000000c4e80000, 0x00000000eb100000)
  object space 61952K, 29% used [0x00000000c1200000,0x00000000c239e5b8,0x00000000c4e80000)
 Metaspace       used 45082K, capacity 46680K, committed 47016K, reserved 1089536K
  class space    used 6223K, capacity 6532K, committed 6576K, reserved 1048576K
}

